<?xml version="1.0" encoding="UTF-8"?>
<!-- Generated by org.testng.reporters.JUnitReportReporter -->
<testsuite skipped="0" hostname="DESKTOP-I54CH6O" name="eBay.eBayTest.searchproduct" tests="1" failures="0" timestamp="2020-07-16T14:32:48 IST" time="6.687" errors="0">
  <testcase name="search" time="6.687" classname="eBay.eBayTest.searchproduct"/>
  <system-out/>
</testsuite> <!-- eBay.eBayTest.searchproduct -->
